<?xml version="1.0" encoding="UTF-8"?>
<!-- Generated by org.testng.reporters.JUnitReportReporter -->
<testsuite skipped="0" hostname="DESKTOP-06QDCBA" name="com.qa.hubspot.tests.LoginTest" tests="3" failures="0" timestamp="2023-11-27T17:51:32 IST" time="4.563" errors="0">
  <testcase name="VerifySignupLink" time="3.398" classname="com.qa.hubspot.tests.LoginTest"/>
  <system-out/>
  <testcase name="GetTitleTest" time="0.031" classname="com.qa.hubspot.tests.LoginTest"/>
  <system-out/>
  <testcase name="DOLogin" time="1.134" classname="com.qa.hubspot.tests.LoginTest"/>
  <system-out/>
</testsuite> <!-- com.qa.hubspot.tests.LoginTest -->
